<?xml version="1.0" encoding="UTF-8"?>
<!-- Generated by org.testng.reporters.JUnitReportReporter -->
<testsuite hostname="YOGESH" failures="0" tests="10" name="Practice.Day18_9" time="70.685" errors="0" timestamp="2025-09-18T15:45:24 IST" skipped="0">
  <testcase classname="Practice.Day18_9" name="tc10" time="7.516"/>
  <testcase classname="Practice.Day18_9" name="tc9" time="10.222"/>
  <testcase classname="Practice.Day18_9" name="tc6" time="7.504"/>
  <testcase classname="Practice.Day18_9" name="tc1" time="2.154"/>
  <testcase classname="Practice.Day18_9" name="tc5" time="2.096"/>
  <testcase classname="Practice.Day18_9" name="tc2" time="5.431"/>
  <testcase classname="Practice.Day18_9" name="tc3" time="7.310"/>
  <testcase classname="Practice.Day18_9" name="tc4" time="3.200"/>
  <testcase classname="Practice.Day18_9" name="tc8" time="7.627"/>
  <testcase classname="Practice.Day18_9" name="tc7" time="17.625"/>
</testsuite> <!-- Practice.Day18_9 -->
