<?xml version="1.0" encoding="UTF-8"?>
<!-- Generated by org.testng.reporters.JUnitReportReporter -->
<testsuite hostname="DESKTOP-NLPPFJ1" failures="0" tests="2" name="Practice.TotalNumberOfLink" time="28.639" errors="0" timestamp="2023-01-25T18:43:51 IST" skipped="0">
  <testcase classname="Practice.TotalNumberOfLink" name="tc1" time="18.512"/>
  <system-out/>
  <testcase classname="Practice.TotalNumberOfLink" name="tc2" time="10.127"/>
  <system-out/>
</testsuite> <!-- Practice.TotalNumberOfLink -->
