<?xml version="1.0" encoding="UTF-8"?>
<!-- Generated by org.testng.reporters.JUnitReportReporter -->
<testsuite hostname="YOGESH" failures="0" tests="10" name="Practice.Day16_9" time="79.149" errors="0" timestamp="2025-09-16T21:58:30 IST" skipped="0">
  <testcase classname="Practice.Day16_9" name="tc10" time="8.187"/>
  <testcase classname="Practice.Day16_9" name="tc8" time="9.646"/>
  <testcase classname="Practice.Day16_9" name="tc1" time="4.319"/>
  <testcase classname="Practice.Day16_9" name="tc6" time="7.765"/>
  <testcase classname="Practice.Day16_9" name="tc9" time="9.291"/>
  <testcase classname="Practice.Day16_9" name="tc7" time="19.763"/>
  <testcase classname="Practice.Day16_9" name="tc3" time="6.468"/>
  <testcase classname="Practice.Day16_9" name="tc4" time="4.064"/>
  <testcase classname="Practice.Day16_9" name="tc5" time="4.080"/>
  <testcase classname="Practice.Day16_9" name="tc2" time="5.566"/>
</testsuite> <!-- Practice.Day16_9 -->
