<?xml version="1.0" encoding="UTF-8"?>
<!-- Generated by org.testng.reporters.JUnitReportReporter -->
<testsuite hostname="YOGESH" failures="0" tests="10" name="Practice.Day26_9" time="73.614" errors="0" timestamp="2025-09-26T17:44:59 IST" skipped="0">
  <testcase classname="Practice.Day26_9" name="tc2" time="3.281"/>
  <testcase classname="Practice.Day26_9" name="tc3" time="7.294"/>
  <testcase classname="Practice.Day26_9" name="tc4" time="3.590"/>
  <testcase classname="Practice.Day26_9" name="tc5" time="3.386"/>
  <testcase classname="Practice.Day26_9" name="tc7" time="15.256"/>
  <testcase classname="Practice.Day26_9" name="tc6" time="6.043"/>
  <testcase classname="Practice.Day26_9" name="tc8" time="14.787"/>
  <testcase classname="Practice.Day26_9" name="tc9" time="7.497"/>
  <testcase classname="Practice.Day26_9" name="tc10" time="9.188"/>
  <testcase classname="Practice.Day26_9" name="tc1" time="3.292"/>
</testsuite> <!-- Practice.Day26_9 -->
