<?xml version="1.0" encoding="UTF-8"?>
<!-- Generated by org.testng.reporters.JUnitReportReporter -->
<testsuite hostname="DESKTOP-EJ3PRCQ" failures="0" tests="1" name="Practice.pract11" time="14.056" errors="0" timestamp="2022-11-21T12:06:17 IST" skipped="0">
  <testcase classname="Practice.pract11" name="ElementVisible" time="14.056"/>
  <system-out/>
</testsuite> <!-- Practice.pract11 -->
