<?xml version="1.0" encoding="UTF-8"?>
<!-- Generated by org.testng.reporters.JUnitReportReporter -->
<testsuite hostname="DESKTOP-EJ3PRCQ" failures="0" tests="1" name="Practice.pract11" time="12.644" errors="0" timestamp="2022-11-18T12:45:17 IST" skipped="0">
  <testcase classname="Practice.pract11" name="OpenTab" time="12.644"/>
  <system-out/>
</testsuite> <!-- Practice.pract11 -->
