<?xml version="1.0" encoding="UTF-8"?>
<!-- Generated by org.testng.reporters.JUnitReportReporter -->
<testsuite hostname="DESKTOP-EJ3PRCQ" failures="0" tests="1" name="Practice.pract11" time="21.247" errors="0" timestamp="2022-11-18T13:01:54 IST" skipped="0">
  <testcase classname="Practice.pract11" name="alertBox" time="21.247"/>
  <system-out/>
</testsuite> <!-- Practice.pract11 -->
