<?xml version="1.0" encoding="UTF-8"?>
<!-- Generated by org.testng.reporters.JUnitReportReporter -->
<testsuite hostname="YOGESH" failures="0" tests="1" name="Practice.Day11_9" time="8.763" errors="0" timestamp="2025-09-12T01:31:04 IST" skipped="0">
  <testcase classname="Practice.Day11_9" name="tc10" time="8.763"/>
</testsuite> <!-- Practice.Day11_9 -->
