<?xml version="1.0" encoding="UTF-8"?>
<!-- Generated by org.testng.reporters.JUnitReportReporter -->
<testsuite hostname="DESKTOP-NLPPFJ1" failures="0" tests="1" name="Practice.Pract27_1" time="8.012" errors="0" timestamp="2023-01-31T16:30:37 IST" skipped="0">
  <testcase classname="Practice.Pract27_1" name="tc1" time="8.012"/>
  <system-out/>
</testsuite> <!-- Practice.Pract27_1 -->
