<?xml version="1.0" encoding="UTF-8"?>
<!-- Generated by org.testng.reporters.JUnitReportReporter -->
<testsuite hostname="YOGESH" failures="0" tests="1" name="Practice.Day16_9" time="8.166" errors="0" timestamp="2025-09-16T20:06:59 IST" skipped="0">
  <testcase classname="Practice.Day16_9" name="tc10" time="8.166"/>
</testsuite> <!-- Practice.Day16_9 -->
