<?xml version="1.0" encoding="UTF-8"?>
<!-- Generated by org.testng.reporters.JUnitReportReporter -->
<testsuite hostname="YOGESH" failures="0" tests="1" name="Practice.Day24_9" time="7.937" errors="0" timestamp="2025-09-24T19:09:55 IST" skipped="0">
  <testcase classname="Practice.Day24_9" name="tc10" time="7.937"/>
</testsuite> <!-- Practice.Day24_9 -->
