<?xml version="1.0" encoding="UTF-8"?>
<!-- Generated by org.testng.reporters.JUnitReportReporter -->
<testsuite hostname="YOGESH" failures="0" tests="1" name="Practice.Day10_9" time="12.027" errors="0" timestamp="2025-09-10T21:01:03 IST" skipped="0">
  <testcase classname="Practice.Day10_9" name="tc10" time="12.027"/>
</testsuite> <!-- Practice.Day10_9 -->
