<?xml version="1.0" encoding="UTF-8"?>
<!-- Generated by org.testng.reporters.JUnitReportReporter -->
<testsuite hostname="DESKTOP-NLPPFJ1" failures="0" tests="1" name="Practice.TotalNumberOfLink" time="14.629" errors="0" timestamp="2022-12-01T23:36:34 IST" skipped="0">
  <testcase classname="Practice.TotalNumberOfLink" name="tc1" time="14.629"/>
  <system-out/>
</testsuite> <!-- Practice.TotalNumberOfLink -->
