<?xml version="1.0" encoding="UTF-8"?>
<!-- Generated by org.testng.reporters.JUnitReportReporter -->
<testsuite hostname="YOGESH" failures="0" tests="1" name="Practice.Day23_9" time="8.487" errors="0" timestamp="2025-09-23T17:07:33 IST" skipped="0">
  <testcase classname="Practice.Day23_9" name="tc10" time="8.487"/>
</testsuite> <!-- Practice.Day23_9 -->
