<?xml version="1.0" encoding="UTF-8"?>
<!-- Generated by org.testng.reporters.JUnitReportReporter -->
<testsuite hostname="DESKTOP-NLPPFJ1" failures="0" tests="4" name="Practice.practice25_1" time="37.651" errors="0" timestamp="2023-01-25T18:43:51 IST" skipped="0">
  <testcase classname="Practice.practice25_1" name="tc3" time="12.876"/>
  <system-out/>
  <testcase classname="Practice.practice25_1" name="tc1" time="5.798"/>
  <system-out/>
  <testcase classname="Practice.practice25_1" name="tc4" time="7.610"/>
  <system-out/>
  <testcase classname="Practice.practice25_1" name="tc2" time="11.367"/>
  <system-out/>
</testsuite> <!-- Practice.practice25_1 -->
