<?xml version="1.0" encoding="UTF-8"?>
<!-- Generated by org.testng.reporters.JUnitReportReporter -->
<testsuite hostname="DESKTOP-EJ3PRCQ" failures="0" tests="1" name="Practice.AutoSuggestion" time="19.508" errors="0" timestamp="2022-11-21T18:20:49 IST" skipped="0">
  <testcase classname="Practice.AutoSuggestion" name="tc1" time="19.508"/>
  <system-out/>
</testsuite> <!-- Practice.AutoSuggestion -->
