<?xml version="1.0" encoding="UTF-8"?>
<!-- Generated by org.testng.reporters.JUnitReportReporter -->
<testsuite hostname="YOGESH" failures="0" tests="10" name="Practice.Day15_10" time="60.497" errors="0" timestamp="2025-10-15T18:28:36 IST" skipped="0">
  <testcase classname="Practice.Day15_10" name="tc10" time="9.855"/>
  <testcase classname="Practice.Day15_10" name="tc7" time="3.989"/>
  <testcase classname="Practice.Day15_10" name="tc9" time="6.991"/>
  <testcase classname="Practice.Day15_10" name="tc1" time="4.404"/>
  <testcase classname="Practice.Day15_10" name="tc3" time="7.984"/>
  <testcase classname="Practice.Day15_10" name="tc2" time="3.632"/>
  <testcase classname="Practice.Day15_10" name="tc8" time="10.612"/>
  <testcase classname="Practice.Day15_10" name="tc4" time="3.364"/>
  <testcase classname="Practice.Day15_10" name="tc5" time="2.925"/>
  <testcase classname="Practice.Day15_10" name="tc6" time="6.741"/>
</testsuite> <!-- Practice.Day15_10 -->
