<?xml version="1.0" encoding="UTF-8"?>
<!-- Generated by org.testng.reporters.JUnitReportReporter -->
<testsuite hostname="DESKTOP-EJ3PRCQ" failures="0" tests="1" name="Practice.datePicker" time="9.899" errors="0" timestamp="2022-11-21T18:54:53 IST" skipped="0">
  <testcase classname="Practice.datePicker" name="tc1" time="9.899"/>
  <system-out/>
</testsuite> <!-- Practice.datePicker -->
