<?xml version="1.0" encoding="UTF-8"?>
<!-- Generated by org.testng.reporters.JUnitReportReporter -->
<testsuite hostname="DESKTOP-EJ3PRCQ" failures="0" tests="1" name="Practice.pract11" time="9.702" errors="0" timestamp="2022-11-17T16:49:38 IST" skipped="0">
  <testcase classname="Practice.pract11" name="tc3" time="9.702"/>
  <system-out/>
</testsuite> <!-- Practice.pract11 -->
