<?xml version="1.0" encoding="UTF-8"?>
<!-- Generated by org.testng.reporters.JUnitReportReporter -->
<testsuite hostname="YOGESH" failures="0" tests="10" name="Practice.Day29_9" time="78.600" errors="0" timestamp="2025-09-29T21:01:10 IST" skipped="0">
  <testcase classname="Practice.Day29_9" name="tc5" time="2.897"/>
  <testcase classname="Practice.Day29_9" name="tc8" time="15.448"/>
  <testcase classname="Practice.Day29_9" name="tc6" time="6.208"/>
  <testcase classname="Practice.Day29_9" name="tc3" time="6.432"/>
  <testcase classname="Practice.Day29_9" name="tc9" time="11.934"/>
  <testcase classname="Practice.Day29_9" name="tc7" time="19.125"/>
  <testcase classname="Practice.Day29_9" name="tc2" time="3.164"/>
  <testcase classname="Practice.Day29_9" name="tc4" time="2.872"/>
  <testcase classname="Practice.Day29_9" name="tc1" time="3.499"/>
  <testcase classname="Practice.Day29_9" name="tc10" time="7.021"/>
</testsuite> <!-- Practice.Day29_9 -->
