<?xml version="1.0" encoding="UTF-8"?>
<!-- Generated by org.testng.reporters.JUnitReportReporter -->
<testsuite hostname="DESKTOP-NLPPFJ1" failures="0" tests="1" name="Practice.Day8_9" time="6.890" errors="0" timestamp="2025-09-08T20:26:47 IST" skipped="0">
  <testcase classname="Practice.Day8_9" name="tc10" time="6.890"/>
</testsuite> <!-- Practice.Day8_9 -->
