<?xml version="1.0" encoding="UTF-8"?>
<!-- Generated by org.testng.reporters.JUnitReportReporter -->
<testsuite hostname="YOGESH" failures="0" tests="1" name="Practice.Day10_10" time="8.013" errors="0" timestamp="2025-10-10T18:06:17 IST" skipped="0">
  <testcase classname="Practice.Day10_10" name="tc10" time="8.013"/>
</testsuite> <!-- Practice.Day10_10 -->
