<?xml version="1.0" encoding="UTF-8"?>
<!-- Generated by org.testng.reporters.JUnitReportReporter -->
<testsuite hostname="YOGESH" failures="0" tests="10" name="Practice.Day23_9" time="72.794" errors="0" timestamp="2025-09-23T17:23:07 IST" skipped="0">
  <testcase classname="Practice.Day23_9" name="tc1" time="3.566"/>
  <testcase classname="Practice.Day23_9" name="tc3" time="7.042"/>
  <testcase classname="Practice.Day23_9" name="tc6" time="7.065"/>
  <testcase classname="Practice.Day23_9" name="tc7" time="14.121"/>
  <testcase classname="Practice.Day23_9" name="tc4" time="4.726"/>
  <testcase classname="Practice.Day23_9" name="tc9" time="7.956"/>
  <testcase classname="Practice.Day23_9" name="tc10" time="8.676"/>
  <testcase classname="Practice.Day23_9" name="tc2" time="3.214"/>
  <testcase classname="Practice.Day23_9" name="tc5" time="5.225"/>
  <testcase classname="Practice.Day23_9" name="tc8" time="11.203"/>
</testsuite> <!-- Practice.Day23_9 -->
