<?xml version="1.0" encoding="UTF-8"?>
<!-- Generated by org.testng.reporters.JUnitReportReporter -->
<testsuite hostname="DESKTOP-NLPPFJ1" failures="0" tests="5" name="Practice.Wait3_1" time="43.286" errors="0" timestamp="2023-01-25T18:43:51 IST" skipped="0">
  <testcase classname="Practice.Wait3_1" name="tc3" time="8.020"/>
  <system-out/>
  <testcase classname="Practice.Wait3_1" name="tc5" time="12.362"/>
  <system-out/>
  <testcase classname="Practice.Wait3_1" name="tc4" time="8.113"/>
  <system-out/>
  <testcase classname="Practice.Wait3_1" name="tc2" time="9.399"/>
  <system-out/>
  <testcase classname="Practice.Wait3_1" name="tc1" time="5.392"/>
  <system-out/>
</testsuite> <!-- Practice.Wait3_1 -->
