<?xml version="1.0" encoding="UTF-8"?>
<!-- Generated by org.testng.reporters.JUnitReportReporter -->
<testsuite hostname="DESKTOP-NLPPFJ1" failures="0" tests="1" name="Practice.practice25_1" time="10.669" errors="0" timestamp="2023-01-25T18:10:13 IST" skipped="0">
  <testcase classname="Practice.practice25_1" name="tc3" time="10.669"/>
  <system-out/>
</testsuite> <!-- Practice.practice25_1 -->
