<?xml version="1.0" encoding="UTF-8"?>
<!-- Generated by org.testng.reporters.JUnitReportReporter -->
<testsuite hostname="DESKTOP-NLPPFJ1" failures="0" tests="9" name="Practice.pract11" time="106.448" errors="0" timestamp="2023-01-25T18:43:51 IST" skipped="0">
  <testcase classname="Practice.pract11" name="OpenTab" time="8.727"/>
  <system-out/>
  <testcase classname="Practice.pract11" name="tc2" time="7.719"/>
  <system-out/>
  <testcase classname="Practice.pract11" name="alertBox" time="20.964"/>
  <system-out/>
  <testcase classname="Practice.pract11" name="dropdown" time="9.740"/>
  <system-out/>
  <testcase classname="Practice.pract11" name="ScrollDown" time="9.761"/>
  <system-out/>
  <testcase classname="Practice.pract11" name="Checkbox" time="9.978"/>
  <system-out/>
  <testcase classname="Practice.pract11" name="tc1SS" time="9.247"/>
  <system-out/>
  <testcase classname="Practice.pract11" name="ElementVisible" time="19.328"/>
  <system-out/>
  <testcase classname="Practice.pract11" name="tc3" time="10.984"/>
  <system-out/>
</testsuite> <!-- Practice.pract11 -->
