<?xml version="1.0" encoding="UTF-8"?>
<!-- Generated by org.testng.reporters.JUnitReportReporter -->
<testsuite hostname="DESKTOP-NLPPFJ1" failures="0" tests="1" name="Practice.newPract2511" time="4.714" errors="0" timestamp="2023-01-25T18:43:51 IST" skipped="0">
  <testcase classname="Practice.newPract2511" name="tc1" time="4.714"/>
  <system-out/>
</testsuite> <!-- Practice.newPract2511 -->
