<?xml version="1.0" encoding="UTF-8"?>
<!-- Generated by org.testng.reporters.JUnitReportReporter -->
<testsuite hostname="DESKTOP-NLPPFJ1" failures="0" tests="1" name="Practice.Day3_9" time="8.304" errors="0" timestamp="2025-09-04T01:58:28 IST" skipped="0">
  <testcase classname="Practice.Day3_9" name="tc10" time="8.304"/>
</testsuite> <!-- Practice.Day3_9 -->
