<?xml version="1.0" encoding="UTF-8"?>
<!-- Generated by org.testng.reporters.JUnitReportReporter -->
<testsuite hostname="DESKTOP-EJ3PRCQ" failures="0" tests="1" name="Practice.pract11" time="17.091" errors="0" timestamp="2022-11-17T12:42:53 IST" skipped="0">
  <testcase classname="Practice.pract11" name="tc1SS" time="17.091"/>
  <system-out/>
</testsuite> <!-- Practice.pract11 -->
