<?xml version="1.0" encoding="UTF-8"?>
<!-- Generated by org.testng.reporters.JUnitReportReporter -->
<testsuite hostname="DESKTOP-NLPPFJ1" failures="0" tests="1" name="Practice.Day4_9" time="7.142" errors="0" timestamp="2025-09-05T00:30:40 IST" skipped="0">
  <testcase classname="Practice.Day4_9" name="tc10" time="7.142"/>
</testsuite> <!-- Practice.Day4_9 -->
