<?xml version="1.0" encoding="UTF-8"?>
<!-- Generated by org.testng.reporters.JUnitReportReporter -->
<testsuite hostname="DESKTOP-NLPPFJ1" failures="0" tests="1" name="Practice.Practice13_2" time="8.991" errors="0" timestamp="2023-02-13T16:01:37 IST" skipped="0">
  <testcase classname="Practice.Practice13_2" name="tc2" time="8.991"/>
  <system-out/>
</testsuite> <!-- Practice.Practice13_2 -->
