<?xml version="1.0" encoding="UTF-8"?>
<!-- Generated by org.testng.reporters.JUnitReportReporter -->
<testsuite hostname="DESKTOP-NLPPFJ1" failures="0" tests="1" name="Practice.Day30_08" time="6.614" errors="0" timestamp="2025-09-03T16:20:43 IST" skipped="0">
  <testcase classname="Practice.Day30_08" name="tc12" time="6.614"/>
</testsuite> <!-- Practice.Day30_08 -->
