<?xml version="1.0" encoding="UTF-8"?>
<!-- Generated by org.testng.reporters.JUnitReportReporter -->
<testsuite hostname="YOGESH" failures="0" tests="10" name="Practice.Day13_9" time="67.843" errors="0" timestamp="2025-09-13T20:19:07 IST" skipped="0">
  <testcase classname="Practice.Day13_9" name="tc6" time="11.272"/>
  <testcase classname="Practice.Day13_9" name="tc4" time="4.933"/>
  <testcase classname="Practice.Day13_9" name="tc9" time="7.868"/>
  <testcase classname="Practice.Day13_9" name="tc2" time="4.847"/>
  <testcase classname="Practice.Day13_9" name="tc7" time="12.094"/>
  <testcase classname="Practice.Day13_9" name="tc5" time="3.106"/>
  <testcase classname="Practice.Day13_9" name="tc8" time="9.779"/>
  <testcase classname="Practice.Day13_9" name="tc1" time="3.196"/>
  <testcase classname="Practice.Day13_9" name="tc10" time="6.659"/>
  <testcase classname="Practice.Day13_9" name="tc3" time="4.089"/>
</testsuite> <!-- Practice.Day13_9 -->
