<?xml version="1.0" encoding="UTF-8"?>
<!-- Generated by org.testng.reporters.JUnitReportReporter -->
<testsuite hostname="DESKTOP-NLPPFJ1" failures="0" tests="1" name="Practice.Zoopla" time="13.445" errors="0" timestamp="2023-02-16T03:11:29 IST" skipped="0">
  <testcase classname="Practice.Zoopla" name="tc" time="13.445"/>
  <system-out/>
</testsuite> <!-- Practice.Zoopla -->
