<?xml version="1.0" encoding="UTF-8"?>
<!-- Generated by org.testng.reporters.JUnitReportReporter -->
<testsuite hostname="YOGESH" failures="0" tests="1" name="Practice.Day14_10" time="3.582" errors="0" timestamp="2025-10-14T17:44:33 IST" skipped="0">
  <testcase classname="Practice.Day14_10" name="tc1" time="3.582"/>
</testsuite> <!-- Practice.Day14_10 -->
