<?xml version="1.0" encoding="UTF-8"?>
<!-- Generated by org.testng.reporters.JUnitReportReporter -->
<testsuite hostname="YOGESH" failures="0" tests="10" name="Practice.Day16_10" time="53.057" errors="0" timestamp="2025-10-16T16:07:29 IST" skipped="0">
  <testcase classname="Practice.Day16_10" name="tc10" time="7.331"/>
  <testcase classname="Practice.Day16_10" name="tc6" time="5.782"/>
  <testcase classname="Practice.Day16_10" name="tc1" time="4.963"/>
  <testcase classname="Practice.Day16_10" name="tc4" time="3.931"/>
  <testcase classname="Practice.Day16_10" name="tc9" time="2.567"/>
  <testcase classname="Practice.Day16_10" name="tc2" time="3.156"/>
  <testcase classname="Practice.Day16_10" name="tc3" time="7.110"/>
  <testcase classname="Practice.Day16_10" name="tc7" time="3.766"/>
  <testcase classname="Practice.Day16_10" name="tc8" time="11.238"/>
  <testcase classname="Practice.Day16_10" name="tc5" time="3.213"/>
</testsuite> <!-- Practice.Day16_10 -->
