<?xml version="1.0" encoding="UTF-8"?>
<!-- Generated by org.testng.reporters.JUnitReportReporter -->
<testsuite hostname="DESKTOP-NLPPFJ1" failures="0" tests="1" name="Practice.P_24_1" time="9.211" errors="0" timestamp="2023-01-24T13:00:14 IST" skipped="0">
  <testcase classname="Practice.P_24_1" name="tc4" time="9.211"/>
  <system-out/>
</testsuite> <!-- Practice.P_24_1 -->
