<?xml version="1.0" encoding="UTF-8"?>
<!-- Generated by org.testng.reporters.JUnitReportReporter -->
<testsuite hostname="DESKTOP-EJ3PRCQ" failures="0" tests="1" name="Practice.AutoSuggestion" time="11.692" errors="0" timestamp="2022-11-21T15:08:45 IST" skipped="0">
  <testcase classname="Practice.AutoSuggestion" name="tc1" time="11.692"/>
  <system-out/>
</testsuite> <!-- Practice.AutoSuggestion -->
