<?xml version="1.0" encoding="UTF-8"?>
<!-- Generated by org.testng.reporters.JUnitReportReporter -->
<testsuite hostname="DESKTOP-NLPPFJ1" failures="0" tests="1" name="Practice.Wait3_1" time="14.177" errors="0" timestamp="2023-01-05T12:38:01 IST" skipped="0">
  <testcase classname="Practice.Wait3_1" name="tc5" time="14.177"/>
  <system-out/>
</testsuite> <!-- Practice.Wait3_1 -->
