<?xml version="1.0" encoding="UTF-8"?>
<!-- Generated by org.testng.reporters.JUnitReportReporter -->
<testsuite hostname="DESKTOP-EJ3PRCQ" failures="0" tests="1" name="Practice.newPract2511" time="11.933" errors="0" timestamp="2022-11-25T10:51:20 IST" skipped="0">
  <testcase classname="Practice.newPract2511" name="tc1" time="11.933"/>
  <system-out/>
</testsuite> <!-- Practice.newPract2511 -->
