<?xml version="1.0" encoding="UTF-8"?>
<!-- Generated by org.testng.reporters.JUnitReportReporter -->
<testsuite hostname="YOGESH" failures="0" tests="1" name="Practice.Day7_10" time="7.698" errors="0" timestamp="2025-10-09T00:27:27 IST" skipped="0">
  <testcase classname="Practice.Day7_10" name="tc10" time="7.698"/>
</testsuite> <!-- Practice.Day7_10 -->
