<?xml version="1.0" encoding="UTF-8"?>
<!-- Generated by org.testng.reporters.JUnitReportReporter -->
<testsuite hostname="YOGESH" failures="0" tests="10" name="Practice.Day15_9" time="71.166" errors="0" timestamp="2025-09-15T18:06:00 IST" skipped="0">
  <testcase classname="Practice.Day15_9" name="tc10" time="7.742"/>
  <testcase classname="Practice.Day15_9" name="tc1" time="2.561"/>
  <testcase classname="Practice.Day15_9" name="tc5" time="4.497"/>
  <testcase classname="Practice.Day15_9" name="tc3" time="4.232"/>
  <testcase classname="Practice.Day15_9" name="tc7" time="16.399"/>
  <testcase classname="Practice.Day15_9" name="tc9" time="10.650"/>
  <testcase classname="Practice.Day15_9" name="tc2" time="3.936"/>
  <testcase classname="Practice.Day15_9" name="tc8" time="12.150"/>
  <testcase classname="Practice.Day15_9" name="tc6" time="4.771"/>
  <testcase classname="Practice.Day15_9" name="tc4" time="4.228"/>
</testsuite> <!-- Practice.Day15_9 -->
