<?xml version="1.0" encoding="UTF-8"?>
<!-- Generated by org.testng.reporters.JUnitReportReporter -->
<testsuite hostname="DESKTOP-NLPPFJ1" failures="0" tests="5" name="Practice.P_24_1" time="44.132" errors="0" timestamp="2023-01-25T18:43:51 IST" skipped="0">
  <testcase classname="Practice.P_24_1" name="tc2" time="7.278"/>
  <system-out/>
  <testcase classname="Practice.P_24_1" name="tc5" time="9.985"/>
  <system-out/>
  <testcase classname="Practice.P_24_1" name="tc4" time="13.072"/>
  <system-out/>
  <testcase classname="Practice.P_24_1" name="tc3" time="6.972"/>
  <system-out/>
  <testcase classname="Practice.P_24_1" name="tc1" time="6.825"/>
  <system-out/>
</testsuite> <!-- Practice.P_24_1 -->
