<?xml version="1.0" encoding="UTF-8"?>
<!-- Generated by org.testng.reporters.JUnitReportReporter -->
<testsuite hostname="DESKTOP-EJ3PRCQ" failures="0" tests="3" name="Practice.pract11" time="26.982" errors="0" timestamp="2022-11-17T18:53:41 IST" skipped="0">
  <testcase classname="Practice.pract11" name="tc3" time="10.462"/>
  <system-out/>
  <testcase classname="Practice.pract11" name="tc1SS" time="8.618"/>
  <system-out/>
  <testcase classname="Practice.pract11" name="tc2" time="7.902"/>
  <system-out/>
</testsuite> <!-- Practice.pract11 -->
