<?xml version="1.0" encoding="UTF-8"?>
<!-- Generated by org.testng.reporters.JUnitReportReporter -->
<testsuite hostname="YOGESH" failures="0" tests="10" name="Practice.Day25_9" time="68.754" errors="0" timestamp="2025-09-25T17:52:08 IST" skipped="0">
  <testcase classname="Practice.Day25_9" name="tc5" time="3.164"/>
  <testcase classname="Practice.Day25_9" name="tc1" time="3.254"/>
  <testcase classname="Practice.Day25_9" name="tc7" time="16.070"/>
  <testcase classname="Practice.Day25_9" name="tc10" time="6.247"/>
  <testcase classname="Practice.Day25_9" name="tc6" time="6.976"/>
  <testcase classname="Practice.Day25_9" name="tc4" time="4.109"/>
  <testcase classname="Practice.Day25_9" name="tc3" time="9.341"/>
  <testcase classname="Practice.Day25_9" name="tc8" time="9.047"/>
  <testcase classname="Practice.Day25_9" name="tc2" time="4.334"/>
  <testcase classname="Practice.Day25_9" name="tc9" time="6.212"/>
</testsuite> <!-- Practice.Day25_9 -->
