<?xml version="1.0" encoding="UTF-8"?>
<!-- Generated by org.testng.reporters.JUnitReportReporter -->
<testsuite hostname="YOGESH" failures="0" tests="10" name="Practice.Day6_10" time="83.073" errors="0" timestamp="2025-10-06T20:07:40 IST" skipped="0">
  <testcase classname="Practice.Day6_10" name="tc2" time="4.037"/>
  <testcase classname="Practice.Day6_10" name="tc3" time="6.048"/>
  <testcase classname="Practice.Day6_10" name="tc4" time="2.151"/>
  <testcase classname="Practice.Day6_10" name="tc7" time="22.063"/>
  <testcase classname="Practice.Day6_10" name="tc9" time="8.726"/>
  <testcase classname="Practice.Day6_10" name="tc10" time="10.938"/>
  <testcase classname="Practice.Day6_10" name="tc6" time="7.203"/>
  <testcase classname="Practice.Day6_10" name="tc8" time="12.823"/>
  <testcase classname="Practice.Day6_10" name="tc5" time="3.946"/>
  <testcase classname="Practice.Day6_10" name="tc1" time="5.138"/>
</testsuite> <!-- Practice.Day6_10 -->
