<?xml version="1.0" encoding="UTF-8"?>
<!-- Generated by org.testng.reporters.JUnitReportReporter -->
<testsuite hostname="YOGESH" failures="0" tests="10" name="Practice.Day3_10" time="71.832" errors="0" timestamp="2025-10-03T17:23:15 IST" skipped="0">
  <testcase classname="Practice.Day3_10" name="tc1" time="3.610"/>
  <testcase classname="Practice.Day3_10" name="tc5" time="2.542"/>
  <testcase classname="Practice.Day3_10" name="tc9" time="8.505"/>
  <testcase classname="Practice.Day3_10" name="tc10" time="12.378"/>
  <testcase classname="Practice.Day3_10" name="tc6" time="6.669"/>
  <testcase classname="Practice.Day3_10" name="tc4" time="2.780"/>
  <testcase classname="Practice.Day3_10" name="tc7" time="15.493"/>
  <testcase classname="Practice.Day3_10" name="tc3" time="7.885"/>
  <testcase classname="Practice.Day3_10" name="tc2" time="2.761"/>
  <testcase classname="Practice.Day3_10" name="tc8" time="9.209"/>
</testsuite> <!-- Practice.Day3_10 -->
