<?xml version="1.0" encoding="UTF-8"?>
<!-- Generated by org.testng.reporters.JUnitReportReporter -->
<testsuite hostname="YOGESH" failures="0" tests="10" name="Practice.Day14_10" time="60.072" errors="0" timestamp="2025-10-14T17:43:23 IST" skipped="0">
  <testcase classname="Practice.Day14_10" name="tc10" time="5.910"/>
  <testcase classname="Practice.Day14_10" name="tc5" time="2.973"/>
  <testcase classname="Practice.Day14_10" name="tc1" time="4.445"/>
  <testcase classname="Practice.Day14_10" name="tc9" time="6.673"/>
  <testcase classname="Practice.Day14_10" name="tc6" time="5.727"/>
  <testcase classname="Practice.Day14_10" name="tc4" time="2.993"/>
  <testcase classname="Practice.Day14_10" name="tc7" time="17.201"/>
  <testcase classname="Practice.Day14_10" name="tc2" time="5.461"/>
  <testcase classname="Practice.Day14_10" name="tc8" time="4.390"/>
  <testcase classname="Practice.Day14_10" name="tc3" time="4.299"/>
</testsuite> <!-- Practice.Day14_10 -->
