<?xml version="1.0" encoding="UTF-8"?>
<!-- Generated by org.testng.reporters.JUnitReportReporter -->
<testsuite hostname="YOGESH" failures="0" tests="10" name="Practice.Day25_9" time="64.471" errors="0" timestamp="2025-09-25T17:34:11 IST" skipped="0">
  <testcase classname="Practice.Day25_9" name="tc2" time="3.325"/>
  <testcase classname="Practice.Day25_9" name="tc10" time="6.847"/>
  <testcase classname="Practice.Day25_9" name="tc7" time="17.515"/>
  <testcase classname="Practice.Day25_9" name="tc4" time="3.532"/>
  <testcase classname="Practice.Day25_9" name="tc5" time="2.976"/>
  <testcase classname="Practice.Day25_9" name="tc3" time="8.539"/>
  <testcase classname="Practice.Day25_9" name="tc6" time="6.286"/>
  <testcase classname="Practice.Day25_9" name="tc8" time="6.210"/>
  <testcase classname="Practice.Day25_9" name="tc9" time="5.825"/>
  <testcase classname="Practice.Day25_9" name="tc1" time="3.416"/>
</testsuite> <!-- Practice.Day25_9 -->
