<?xml version="1.0" encoding="UTF-8"?>
<!-- Generated by org.testng.reporters.JUnitReportReporter -->
<testsuite hostname="YOGESH" failures="0" tests="10" name="Practice.Day27_10" time="71.925" errors="0" timestamp="2025-10-27T20:02:18 IST" skipped="0">
  <testcase classname="Practice.Day27_10" name="tc1" time="7.927"/>
  <testcase classname="Practice.Day27_10" name="tc5" time="5.873"/>
  <testcase classname="Practice.Day27_10" name="tc8" time="3.051"/>
  <testcase classname="Practice.Day27_10" name="tc2" time="4.080"/>
  <testcase classname="Practice.Day27_10" name="tc9" time="5.800"/>
  <testcase classname="Practice.Day27_10" name="tc6" time="6.305"/>
  <testcase classname="Practice.Day27_10" name="tc10" time="5.186"/>
  <testcase classname="Practice.Day27_10" name="tc3" time="6.136"/>
  <testcase classname="Practice.Day27_10" name="tc7" time="22.513"/>
  <testcase classname="Practice.Day27_10" name="tc4" time="5.054"/>
</testsuite> <!-- Practice.Day27_10 -->
