<?xml version="1.0" encoding="UTF-8"?>
<!-- Generated by org.testng.reporters.JUnitReportReporter -->
<testsuite hostname="YOGESH" failures="0" tests="9" name="Practice.Day19_9" time="49.529" errors="0" timestamp="2025-09-19T16:13:02 IST" skipped="0">
  <testcase classname="Practice.Day19_9" name="tc2" time="4.416"/>
  <testcase classname="Practice.Day19_9" name="tc7" time="7.732"/>
  <testcase classname="Practice.Day19_9" name="tc1" time="4.794"/>
  <testcase classname="Practice.Day19_9" name="tc6" time="4.819"/>
  <testcase classname="Practice.Day19_9" name="tc9" time="4.737"/>
  <testcase classname="Practice.Day19_9" name="tc4" time="2.154"/>
  <testcase classname="Practice.Day19_9" name="tc8" time="8.570"/>
  <testcase classname="Practice.Day19_9" name="tc5" time="3.446"/>
  <testcase classname="Practice.Day19_9" name="tc3" time="8.861"/>
</testsuite> <!-- Practice.Day19_9 -->
