<?xml version="1.0" encoding="UTF-8"?>
<!-- Generated by org.testng.reporters.JUnitReportReporter -->
<testsuite hostname="DESKTOP-NLPPFJ1" failures="0" tests="1" name="Practice.TotalNumberOfLink" time="13.466" errors="0" timestamp="2022-12-01T23:44:49 IST" skipped="0">
  <testcase classname="Practice.TotalNumberOfLink" name="tc2" time="13.466"/>
  <system-out/>
</testsuite> <!-- Practice.TotalNumberOfLink -->
